[18:38:54] [main/DEBUG] [FML/]: Injecting tracing printstreams for STDOUT/STDERR.
[18:38:54] [main/INFO] [FML/]: Forge Mod Loader version 7.99.40.1614 for Minecraft 1.7.10 loading
[18:38:54] [main/INFO] [FML/]: Java is Java HotSpot(TM) 64-Bit Server VM, version 1.8.0_351, running on Windows 10:amd64:10.0, installed at C:\Program Files\Java\jre1.8.0_351
[18:38:54] [main/DEBUG] [FML/]: Java classpath at launch is F:\Download\minecraft server  22.23 1.7.10\forge-1.7.10-10.13.4.1614-1.7.10-universal.jar
[18:38:54] [main/DEBUG] [FML/]: Java library path at launch is C:\Program Files\Java\jre1.8.0_351\bin;C:\Windows\Sun\Java\bin;C:\Windows\system32;C:\Windows;C:\Program Files (x86)\Common Files\Oracle\Java\javapath;C:\Windows\system32;C:\Windows;C:\Windows\System32\Wbem;C:\Windows\System32\WindowsPowerShell\v1.0\;C:\Windows\System32\OpenSSH\;C:\Program Files (x86)\NVIDIA Corporation\PhysX\Common;C:\Program Files\Common Files\Autodesk Shared\;C:\Program Files (x86)\Autodesk\Backburner\;C:\Users\PT\AppData\Local\Microsoft\WindowsApps;;.
[18:38:54] [main/DEBUG] [FML/]: Enabling runtime deobfuscation
[18:38:54] [main/DEBUG] [FML/]: Instantiating coremod class FMLCorePlugin
[18:38:54] [main/DEBUG] [FML/]: Added access transformer class cpw.mods.fml.common.asm.transformers.AccessTransformer to enqueued access transformers
[18:38:54] [main/DEBUG] [FML/]: Enqueued coremod FMLCorePlugin
[18:38:54] [main/DEBUG] [FML/]: Instantiating coremod class FMLForgePlugin
[18:38:54] [main/DEBUG] [FML/]: Added access transformer class net.minecraftforge.transformers.ForgeAccessTransformer to enqueued access transformers
[18:38:54] [main/DEBUG] [FML/]: Enqueued coremod FMLForgePlugin
[18:38:54] [main/DEBUG] [FML/]: All fundamental core mods are successfully located
[18:38:54] [main/DEBUG] [FML/]: Attempting to load commandline specified mods, relative to F:\Download\minecraft server  22.23 1.7.10\.
[18:38:54] [main/DEBUG] [FML/]: Discovering coremods
[18:38:54] [main/DEBUG] [FML/]: Examining for coremod candidacy [1.7.10]bspkrsCore-universal-6.16.jar
[18:38:54] [main/DEBUG] [FML/]: Not found coremod data in [1.7.10]bspkrsCore-universal-6.16.jar
[18:38:54] [main/DEBUG] [FML/]: Examining for coremod candidacy appliedenergistics2-rv3-beta-6.jar
[18:38:54] [main/TRACE] [FML/]: Found FMLCorePluginContainsFMLMod marker in appliedenergistics2-rv3-beta-6.jar, it will be examined later for regular @Mod instances
[18:38:54] [main/DEBUG] [FML/]: Instantiating coremod class AppEngCore
[18:38:54] [main/DEBUG] [FML/]: The coremod appeng.transformer.AppEngCore requested minecraft version 1.7.10 and minecraft is 1.7.10. It will be loaded.
[18:38:54] [main/INFO] [FML/]: [AppEng] Core Init
[18:38:54] [main/DEBUG] [FML/]: Added access transformer class appeng.transformer.asm.ASMTweaker to enqueued access transformers
[18:38:54] [main/DEBUG] [FML/]: Enqueued coremod AppEngCore
[18:38:54] [main/DEBUG] [FML/]: Examining for coremod candidacy automagy_1.7.10.jar
[18:38:54] [main/DEBUG] [FML/]: Not found coremod data in automagy_1.7.10.jar
[18:38:54] [main/DEBUG] [FML/]: Examining for coremod candidacy backpacks+1.7.10+-+3.5.8.jar
[18:38:54] [main/TRACE] [FML/]: Found FMLCorePluginContainsFMLMod marker in backpacks+1.7.10+-+3.5.8.jar, it will be examined later for regular @Mod instances
[18:38:54] [main/DEBUG] [FML/]: Instantiating coremod class BCModPlugin
[18:38:54] [main/DEBUG] [FML/]: The coremod brad16840.core.BCModPlugin requested minecraft version 1.7.10 and minecraft is 1.7.10. It will be loaded.
[18:38:54] [main/DEBUG] [FML/]: Enqueued coremod BCModPlugin
[18:38:54] [main/DEBUG] [FML/]: Examining for coremod candidacy Baubles-1.7.10-1.0.1.10.jar
[18:38:54] [main/DEBUG] [FML/]: Not found coremod data in Baubles-1.7.10-1.0.1.10.jar
[18:38:54] [main/DEBUG] [FML/]: Examining for coremod candidacy BigReactors-0.4.3A.jar
[18:38:54] [main/DEBUG] [FML/]: Not found coremod data in BigReactors-0.4.3A.jar
[18:38:54] [main/DEBUG] [FML/]: Examining for coremod candidacy binnie-mods-1.7.10-2.0.22.7.jar
[18:38:54] [main/DEBUG] [FML/]: Not found coremod data in binnie-mods-1.7.10-2.0.22.7.jar
[18:38:54] [main/DEBUG] [FML/]: Examining for coremod candidacy Botania+r1.8-249.jar
[18:38:54] [main/DEBUG] [FML/]: Not found coremod data in Botania+r1.8-249.jar
[18:38:54] [main/DEBUG] [FML/]: Examining for coremod candidacy brandonscore-1.0.0.12.jar
[18:38:54] [main/TRACE] [FML/]: Found FMLCorePluginContainsFMLMod marker in brandonscore-1.0.0.12.jar, it will be examined later for regular @Mod instances
[18:38:54] [main/DEBUG] [FML/]: Instantiating coremod class LoadingPlugin
[18:38:54] [main/TRACE] [FML/]: coremod named Brandon's Core is loading
[18:38:54] [main/DEBUG] [FML/]: The coremod com.brandon3055.brandonscore.asm.LoadingPlugin requested minecraft version 1.7.10 and minecraft is 1.7.10. It will be loaded.
[18:38:54] [main/DEBUG] [FML/]: Enqueued coremod Brandon's Core
[18:38:54] [main/DEBUG] [FML/]: Examining for coremod candidacy ChickenChunks-1.7.10-1.3.4.19-universal.jar
[18:38:54] [main/DEBUG] [FML/]: Not found coremod data in ChickenChunks-1.7.10-1.3.4.19-universal.jar
[18:38:54] [main/DEBUG] [FML/]: Examining for coremod candidacy CodeChickenCore-1.7.10-1.0.7.47-universal.jar
[18:38:54] [main/TRACE] [FML/]: Adding CodeChickenCore-1.7.10-1.0.7.47-universal.jar to the list of known coremods, it will not be examined again
[18:38:54] [main/DEBUG] [FML/]: Instantiating coremod class CodeChickenCorePlugin
[18:38:56] [main/WARN] [FML/]: The coremod codechicken.core.launch.CodeChickenCorePlugin does not have a MCVersion annotation, it may cause issues with this version of Minecraft
[18:38:56] [main/DEBUG] [FML/]: Added access transformer class codechicken.core.asm.CodeChickenAccessTransformer to enqueued access transformers
[18:38:56] [main/DEBUG] [FML/]: Enqueued coremod CodeChickenCorePlugin
[18:38:56] [main/DEBUG] [FML/]: Examining for coremod candidacy CodeChickenLib-1.7.10-1.1.3.138-universal.jar
[18:38:56] [main/DEBUG] [FML/]: Not found coremod data in CodeChickenLib-1.7.10-1.1.3.138-universal.jar
[18:38:56] [main/DEBUG] [FML/]: Examining for coremod candidacy CoFHCore-[1.7.10]3.1.4-329.jar
[18:38:56] [main/TRACE] [FML/]: Found FMLCorePluginContainsFMLMod marker in CoFHCore-[1.7.10]3.1.4-329.jar, it will be examined later for regular @Mod instances
[18:38:56] [main/DEBUG] [FML/]: Instantiating coremod class LoadingPlugin
[18:38:56] [main/WARN] [FML/]: The coremod cofh.asm.LoadingPlugin does not have a MCVersion annotation, it may cause issues with this version of Minecraft
[18:38:57] [main/DEBUG] [FML/]: Added access transformer class cofh.asm.CoFHAccessTransformer to enqueued access transformers
[18:38:57] [main/DEBUG] [FML/]: Enqueued coremod LoadingPlugin
[18:38:57] [main/DEBUG] [FML/]: Examining for coremod candidacy Draconic-Evolution-1.7.10-1.0.2h.jar
[18:38:57] [main/DEBUG] [FML/]: Not found coremod data in Draconic-Evolution-1.7.10-1.0.2h.jar
[18:38:57] [main/DEBUG] [FML/]: Examining for coremod candidacy EnchantingPlus-1.7.10-3.0.2-d.jar
[18:38:57] [main/DEBUG] [FML/]: Not found coremod data in EnchantingPlus-1.7.10-3.0.2-d.jar
[18:38:57] [main/DEBUG] [FML/]: Examining for coremod candidacy EnderCore-1.7.10-0.2.0.39_beta.jar
[18:38:57] [main/TRACE] [FML/]: Found FMLCorePluginContainsFMLMod marker in EnderCore-1.7.10-0.2.0.39_beta.jar, it will be examined later for regular @Mod instances
[18:38:57] [main/DEBUG] [FML/]: Instantiating coremod class EnderCorePlugin
[18:38:57] [main/DEBUG] [FML/]: The coremod com.enderio.core.common.transform.EnderCorePlugin requested minecraft version 1.7.10 and minecraft is 1.7.10. It will be loaded.
[18:38:57] [main/DEBUG] [FML/]: Enqueued coremod EnderCorePlugin
[18:38:57] [main/DEBUG] [FML/]: Examining for coremod candidacy EnderIO-1.7.10-2.3.0.429_beta.jar
[18:38:57] [main/DEBUG] [FML/]: Not found coremod data in EnderIO-1.7.10-2.3.0.429_beta.jar
[18:38:57] [main/DEBUG] [FML/]: Examining for coremod candidacy EnderStorage-1.7.10-1.4.7.37-universal.jar
[18:38:57] [main/DEBUG] [FML/]: Not found coremod data in EnderStorage-1.7.10-1.4.7.37-universal.jar
[18:38:57] [main/DEBUG] [FML/]: Examining for coremod candidacy Ex-Nihilo-1.38-53.jar
[18:38:57] [main/DEBUG] [FML/]: Not found coremod data in Ex-Nihilo-1.38-53.jar
[18:38:57] [main/DEBUG] [FML/]: Examining for coremod candidacy excompressum-mc1.7.10-1.2.0.jar
[18:38:57] [main/DEBUG] [FML/]: Not found coremod data in excompressum-mc1.7.10-1.2.0.jar
[18:38:57] [main/DEBUG] [FML/]: Examining for coremod candidacy ExtraCells-1.7.10-2.3.14b200.jar
[18:38:57] [main/DEBUG] [FML/]: Not found coremod data in ExtraCells-1.7.10-2.3.14b200.jar
[18:38:57] [main/DEBUG] [FML/]: Examining for coremod candidacy ExtraTiC-1.7.10-1.4.6.jar
[18:38:57] [main/DEBUG] [FML/]: Not found coremod data in ExtraTiC-1.7.10-1.4.6.jar
[18:38:57] [main/DEBUG] [FML/]: Examining for coremod candidacy extrautilities-1.2.12.jar
[18:38:57] [main/DEBUG] [FML/]: Not found coremod data in extrautilities-1.2.12.jar
[18:38:57] [main/DEBUG] [FML/]: Examining for coremod candidacy forbidden-magic-1.7.10-0.575.jar
[18:38:57] [main/DEBUG] [FML/]: Not found coremod data in forbidden-magic-1.7.10-0.575.jar
[18:38:57] [main/DEBUG] [FML/]: Examining for coremod candidacy forestry_1.7.10-4.2.16.64.jar
[18:38:57] [main/INFO] [FML/]: Loading tweaker forestry.shade.javacheck.Java7Checker from forestry_1.7.10-4.2.16.64.jar
[18:38:57] [main/DEBUG] [FML/]: Examining for coremod candidacy ForgeMultipart-1.7.10-1.2.0.345-universal.jar
[18:38:57] [main/TRACE] [FML/]: Found FMLCorePluginContainsFMLMod marker in ForgeMultipart-1.7.10-1.2.0.345-universal.jar, it will be examined later for regular @Mod instances
[18:38:57] [main/DEBUG] [FML/]: Instantiating coremod class DepLoader
[18:38:57] [main/WARN] [FML/]: The coremod codechicken.core.launch.DepLoader does not have a MCVersion annotation, it may cause issues with this version of Minecraft
[18:38:57] [main/DEBUG] [FML/]: Enqueued coremod DepLoader
[18:38:57] [main/DEBUG] [FML/]: Examining for coremod candidacy GraveStone+Mod+0.7.10.3.jar
[18:38:57] [main/DEBUG] [FML/]: Not found coremod data in GraveStone+Mod+0.7.10.3.jar
[18:38:57] [main/DEBUG] [FML/]: Examining for coremod candidacy HQM-The+Journey-4.4.4.jar
[18:38:57] [main/DEBUG] [FML/]: Not found coremod data in HQM-The+Journey-4.4.4.jar
[18:38:57] [main/DEBUG] [FML/]: Examining for coremod candidacy ironchest-1.7.10-6.0.62.742-universal.jar
[18:38:57] [main/DEBUG] [FML/]: Not found coremod data in ironchest-1.7.10-6.0.62.742-universal.jar
[18:38:57] [main/DEBUG] [FML/]: Examining for coremod candidacy magicbees-1.7.10-2.4.4.jar
[18:38:57] [main/DEBUG] [FML/]: Not found coremod data in magicbees-1.7.10-2.4.4.jar
[18:38:57] [main/DEBUG] [FML/]: Examining for coremod candidacy mantle-1.7.10-0.3.2b.jar
[18:38:57] [main/DEBUG] [FML/]: Not found coremod data in mantle-1.7.10-0.3.2b.jar
[18:38:57] [main/DEBUG] [FML/]: Examining for coremod candidacy MineFactoryReloaded-[1.7.10]2.8.1-174.jar
[18:38:57] [main/DEBUG] [FML/]: Not found coremod data in MineFactoryReloaded-[1.7.10]2.8.1-174.jar
[18:38:57] [main/DEBUG] [FML/]: Examining for coremod candidacy Morpheus-1.7.10-1.6.21.jar
[18:38:57] [main/DEBUG] [FML/]: Not found coremod data in Morpheus-1.7.10-1.6.21.jar
[18:38:57] [main/DEBUG] [FML/]: Examining for coremod candidacy MrTJPCore-1.7.10-1.1.0.33-universal.jar
[18:38:57] [main/TRACE] [FML/]: Found FMLCorePluginContainsFMLMod marker in MrTJPCore-1.7.10-1.1.0.33-universal.jar, it will be examined later for regular @Mod instances
[18:38:57] [main/DEBUG] [FML/]: Instantiating coremod class CorePlugin
[18:38:57] [main/WARN] [FML/]: The coremod mrtjp.core.handler.CorePlugin does not have a MCVersion annotation, it may cause issues with this version of Minecraft
[18:38:57] [main/DEBUG] [FML/]: Enqueued coremod CorePlugin
[18:38:57] [main/DEBUG] [FML/]: Examining for coremod candidacy Nevermine-Tslat-1.1.2.jar
[18:38:57] [main/DEBUG] [FML/]: Not found coremod data in Nevermine-Tslat-1.1.2.jar
[18:38:57] [main/DEBUG] [FML/]: Examining for coremod candidacy OpenComputers-MC1.7.10-1.7.5.1290-universal.jar
[18:38:57] [main/TRACE] [FML/]: Found FMLCorePluginContainsFMLMod marker in OpenComputers-MC1.7.10-1.7.5.1290-universal.jar, it will be examined later for regular @Mod instances
[18:38:57] [main/DEBUG] [FML/]: Instantiating coremod class TransformerLoader
[18:38:57] [main/DEBUG] [FML/]: The coremod li.cil.oc.common.launch.TransformerLoader requested minecraft version 1.7.10 and minecraft is 1.7.10. It will be loaded.
[18:38:57] [main/DEBUG] [FML/]: Enqueued coremod TransformerLoader
[18:38:57] [main/DEBUG] [FML/]: Examining for coremod candidacy OpenModularTurrets-1.7.10-2.2.11-245.jar
[18:38:57] [main/DEBUG] [FML/]: Not found coremod data in OpenModularTurrets-1.7.10-2.2.11-245.jar
[18:38:57] [main/DEBUG] [FML/]: Examining for coremod candidacy ProjectRed-1.7.10-4.7.0pre12.95-Base.jar
[18:38:57] [main/TRACE] [FML/]: Found FMLCorePluginContainsFMLMod marker in ProjectRed-1.7.10-4.7.0pre12.95-Base.jar, it will be examined later for regular @Mod instances
[18:38:57] [main/DEBUG] [FML/]: Instantiating coremod class DepLoader
[18:38:57] [main/WARN] [FML/]: The coremod codechicken.core.launch.DepLoader does not have a MCVersion annotation, it may cause issues with this version of Minecraft
[18:38:57] [main/DEBUG] [FML/]: Enqueued coremod DepLoader
[18:38:57] [main/DEBUG] [FML/]: Examining for coremod candidacy ProjectRed-1.7.10-4.7.0pre12.95-Compat.jar
[18:38:57] [main/DEBUG] [FML/]: Not found coremod data in ProjectRed-1.7.10-4.7.0pre12.95-Compat.jar
[18:38:57] [main/DEBUG] [FML/]: Examining for coremod candidacy ProjectRed-1.7.10-4.7.0pre12.95-Fabrication.jar
[18:38:57] [main/DEBUG] [FML/]: Not found coremod data in ProjectRed-1.7.10-4.7.0pre12.95-Fabrication.jar
[18:38:57] [main/DEBUG] [FML/]: Examining for coremod candidacy ProjectRed-1.7.10-4.7.0pre12.95-Integration.jar
[18:38:57] [main/DEBUG] [FML/]: Not found coremod data in ProjectRed-1.7.10-4.7.0pre12.95-Integration.jar
[18:38:57] [main/DEBUG] [FML/]: Examining for coremod candidacy ProjectRed-1.7.10-4.7.0pre12.95-Lighting.jar
[18:38:57] [main/DEBUG] [FML/]: Not found coremod data in ProjectRed-1.7.10-4.7.0pre12.95-Lighting.jar
[18:38:57] [main/DEBUG] [FML/]: Examining for coremod candidacy ProjectRed-1.7.10-4.7.0pre12.95-World.jar
[18:38:57] [main/DEBUG] [FML/]: Not found coremod data in ProjectRed-1.7.10-4.7.0pre12.95-World.jar
[18:38:57] [main/DEBUG] [FML/]: Examining for coremod candidacy Railcraft_1.7.10-9.12.2.0.jar
[18:38:57] [main/DEBUG] [FML/]: Not found coremod data in Railcraft_1.7.10-9.12.2.0.jar
[18:38:57] [main/DEBUG] [FML/]: Examining for coremod candidacy SolarFlux-1.7.10-0.8b.jar
[18:38:57] [main/DEBUG] [FML/]: Not found coremod data in SolarFlux-1.7.10-0.8b.jar
[18:38:57] [main/DEBUG] [FML/]: Examining for coremod candidacy StevesWorkshop-0.5.1.jar
[18:38:57] [main/DEBUG] [FML/]: Not found coremod data in StevesWorkshop-0.5.1.jar
[18:38:57] [main/DEBUG] [FML/]: Examining for coremod candidacy tainted-magic-r7.82.jar
[18:38:57] [main/DEBUG] [FML/]: Not found coremod data in tainted-magic-r7.82.jar
[18:38:57] [main/DEBUG] [FML/]: Examining for coremod candidacy TConstruct-1.7.10-1.8.8.jar
[18:38:57] [main/DEBUG] [FML/]: Not found coremod data in TConstruct-1.7.10-1.8.8.jar
[18:38:57] [main/DEBUG] [FML/]: Examining for coremod candidacy Thaumcraft-1.7.10-4.2.3.5.jar
[18:38:57] [main/TRACE] [FML/]: Found FMLCorePluginContainsFMLMod marker in Thaumcraft-1.7.10-4.2.3.5.jar, it will be examined later for regular @Mod instances
[18:38:57] [main/DEBUG] [FML/]: Instantiating coremod class DepLoader
[18:38:57] [main/WARN] [FML/]: The coremod thaumcraft.codechicken.core.launch.DepLoader does not have a MCVersion annotation, it may cause issues with this version of Minecraft
[18:38:57] [main/DEBUG] [FML/]: Enqueued coremod DepLoader
[18:38:57] [main/DEBUG] [FML/]: Examining for coremod candidacy thaumicenergistics-1.1.3.0.jar
[18:38:57] [main/TRACE] [FML/]: Found FMLCorePluginContainsFMLMod marker in thaumicenergistics-1.1.3.0.jar, it will be examined later for regular @Mod instances
[18:38:57] [main/DEBUG] [FML/]: Instantiating coremod class ThECore
[18:38:57] [main/DEBUG] [FML/]: The coremod thaumicenergistics.fml.ThECore requested minecraft version 1.7.10 and minecraft is 1.7.10. It will be loaded.
[18:38:57] [main/DEBUG] [FML/]: Enqueued coremod ThECore
[18:38:57] [main/DEBUG] [FML/]: Examining for coremod candidacy thaumichorizons-1.7.10-1.1.9.jar
[18:38:57] [main/DEBUG] [FML/]: Not found coremod data in thaumichorizons-1.7.10-1.1.9.jar
[18:38:57] [main/DEBUG] [FML/]: Examining for coremod candidacy ThaumicTinkerer-2.5-1.7.10-164.jar
[18:38:57] [main/TRACE] [FML/]: Found FMLCorePluginContainsFMLMod marker in ThaumicTinkerer-2.5-1.7.10-164.jar, it will be examined later for regular @Mod instances
[18:38:57] [main/DEBUG] [FML/]: Instantiating coremod class ThaumicTLoaderContainer
[18:38:57] [main/WARN] [FML/]: The coremod thaumic.tinkerer.preloader.ThaumicTLoaderContainer does not have a MCVersion annotation, it may cause issues with this version of Minecraft
[18:38:57] [main/DEBUG] [FML/]: Added access transformer class thaumic.tinkerer.preloader.AccessTransformer to enqueued access transformers
[18:38:57] [main/DEBUG] [FML/]: Enqueued coremod ThaumicTLoaderContainer
[18:38:57] [main/DEBUG] [FML/]: Examining for coremod candidacy ThermalDynamics-[1.7.10]1.2.1-172.jar
[18:38:57] [main/DEBUG] [FML/]: Not found coremod data in ThermalDynamics-[1.7.10]1.2.1-172.jar
[18:38:57] [main/DEBUG] [FML/]: Examining for coremod candidacy ThermalExpansion-[1.7.10]4.1.5-248.jar
[18:38:57] [main/DEBUG] [FML/]: Not found coremod data in ThermalExpansion-[1.7.10]4.1.5-248.jar
[18:38:57] [main/DEBUG] [FML/]: Examining for coremod candidacy ThermalFoundation-[1.7.10]1.2.6-118.jar
[18:38:57] [main/DEBUG] [FML/]: Not found coremod data in ThermalFoundation-[1.7.10]1.2.6-118.jar
[18:38:57] [main/DEBUG] [FML/]: Examining for coremod candidacy Waila-1.5.10_1.7.10.jar
[18:38:57] [main/DEBUG] [FML/]: Not found coremod data in Waila-1.5.10_1.7.10.jar
[18:38:57] [main/DEBUG] [FML/]: Examining for coremod candidacy WAILAPlugins-MC1.7.10-0.2.0-25.jar
[18:38:57] [main/DEBUG] [FML/]: Not found coremod data in WAILAPlugins-MC1.7.10-0.2.0-25.jar
[18:38:57] [main/DEBUG] [FML/]: Examining for coremod candidacy Wawla-1.0.5.120.jar
[18:38:57] [main/DEBUG] [FML/]: Not found coremod data in Wawla-1.0.5.120.jar
[18:38:57] [main/INFO] [LaunchWrapper/]: Loading tweak class name cpw.mods.fml.common.launcher.FMLInjectionAndSortingTweaker
[18:38:57] [main/INFO] [LaunchWrapper/]: Loading tweak class name forestry.shade.javacheck.Java7Checker
[18:38:57] [main/INFO] [LaunchWrapper/]: Loading tweak class name cpw.mods.fml.common.launcher.FMLDeobfTweaker
[18:38:57] [main/INFO] [LaunchWrapper/]: Calling tweak class cpw.mods.fml.common.launcher.FMLInjectionAndSortingTweaker
[18:38:57] [main/INFO] [LaunchWrapper/]: Calling tweak class cpw.mods.fml.common.launcher.FMLInjectionAndSortingTweaker
[18:38:57] [main/INFO] [LaunchWrapper/]: Calling tweak class cpw.mods.fml.relauncher.CoreModManager$FMLPluginWrapper
[18:38:57] [main/DEBUG] [FML/]: Injecting coremod FMLCorePlugin {cpw.mods.fml.relauncher.FMLCorePlugin} class transformers
[18:38:57] [main/TRACE] [FML/]: Registering transformer cpw.mods.fml.common.asm.transformers.MarkerTransformer
[18:38:57] [main/TRACE] [FML/]: Registering transformer cpw.mods.fml.common.asm.transformers.SideTransformer
[18:38:57] [main/TRACE] [FML/]: Registering transformer cpw.mods.fml.common.asm.transformers.EventSubscriptionTransformer
[18:38:57] [main/DEBUG] [FML/]: Injection complete
[18:38:57] [main/DEBUG] [FML/]: Running coremod plugin for FMLCorePlugin {cpw.mods.fml.relauncher.FMLCorePlugin}
[18:38:57] [main/DEBUG] [FML/]: Running coremod plugin FMLCorePlugin
[18:38:58] [main/DEBUG] [FML/]: Read 527 binary patches
[18:38:59] [main/ERROR] [FML/]: FML appears to be missing any signature data. This is not a good thing
[18:38:59] [main/DEBUG] [FML/]: Coremod plugin class FMLCorePlugin run successfully
[18:38:59] [main/INFO] [LaunchWrapper/]: Calling tweak class cpw.mods.fml.relauncher.CoreModManager$FMLPluginWrapper
[18:38:59] [main/DEBUG] [FML/]: Injecting coremod FMLForgePlugin {net.minecraftforge.classloading.FMLForgePlugin} class transformers
[18:38:59] [main/TRACE] [FML/]: Registering transformer net.minecraftforge.classloading.FluidIdTransformer
[18:38:59] [main/DEBUG] [FML/]: Injection complete
[18:38:59] [main/DEBUG] [FML/]: Running coremod plugin for FMLForgePlugin {net.minecraftforge.classloading.FMLForgePlugin}
[18:38:59] [main/DEBUG] [FML/]: Running coremod plugin FMLForgePlugin
[18:38:59] [main/DEBUG] [FML/]: Coremod plugin class FMLForgePlugin run successfully
[18:38:59] [main/INFO] [LaunchWrapper/]: Calling tweak class cpw.mods.fml.relauncher.CoreModManager$FMLPluginWrapper
[18:38:59] [main/DEBUG] [FML/]: Injecting coremod CCCDeobfPlugin {codechicken.core.asm.MCPDeobfuscationTransformer$LoadPlugin} class transformers
[18:38:59] [main/DEBUG] [FML/]: Injection complete
[18:38:59] [main/DEBUG] [FML/]: Running coremod plugin for CCCDeobfPlugin {codechicken.core.asm.MCPDeobfuscationTransformer$LoadPlugin}
[18:38:59] [main/DEBUG] [FML/]: Running coremod plugin CCCDeobfPlugin
[18:38:59] [main/DEBUG] [FML/]: Coremod plugin class LoadPlugin run successfully
[18:38:59] [main/INFO] [LaunchWrapper/]: Calling tweak class cpw.mods.fml.relauncher.CoreModManager$FMLPluginWrapper
[18:38:59] [main/DEBUG] [FML/]: Injecting coremod AppEngCore {appeng.transformer.AppEngCore} class transformers
[18:38:59] [main/TRACE] [FML/]: Registering transformer appeng.transformer.asm.ASMIntegration
[18:38:59] [main/DEBUG] [FML/]: Injection complete
[18:38:59] [main/DEBUG] [FML/]: Running coremod plugin for AppEngCore {appeng.transformer.AppEngCore}
[18:38:59] [main/DEBUG] [FML/]: Running coremod plugin AppEngCore
[18:38:59] [main/DEBUG] [FML/]: Coremod plugin class AppEngCore run successfully
[18:38:59] [main/INFO] [LaunchWrapper/]: Calling tweak class cpw.mods.fml.relauncher.CoreModManager$FMLPluginWrapper
[18:38:59] [main/DEBUG] [FML/]: Injecting coremod CodeChickenCorePlugin {codechicken.core.launch.CodeChickenCorePlugin} class transformers
[18:38:59] [main/TRACE] [FML/]: Registering transformer codechicken.lib.asm.ClassHeirachyManager
[18:38:59] [main/TRACE] [FML/]: Registering transformer codechicken.core.asm.InterfaceDependancyTransformer
[18:38:59] [main/TRACE] [FML/]: Registering transformer codechicken.core.asm.TweakTransformer
[18:38:59] [main/TRACE] [FML/]: Registering transformer codechicken.core.asm.DelegatedTransformer
[18:38:59] [main/TRACE] [FML/]: Registering transformer codechicken.core.asm.DefaultImplementationTransformer
[18:38:59] [main/DEBUG] [FML/]: Injection complete
[18:38:59] [main/DEBUG] [FML/]: Running coremod plugin for CodeChickenCorePlugin {codechicken.core.launch.CodeChickenCorePlugin}
[18:38:59] [main/DEBUG] [FML/]: Running coremod plugin CodeChickenCorePlugin
[18:38:59] [main/DEBUG] [FML/]: Coremod plugin class CodeChickenCorePlugin run successfully
[18:38:59] [main/INFO] [LaunchWrapper/]: Calling tweak class cpw.mods.fml.relauncher.CoreModManager$FMLPluginWrapper
[18:38:59] [main/DEBUG] [FML/]: Injecting coremod DepLoader {codechicken.core.launch.DepLoader} class transformers
[18:38:59] [main/DEBUG] [FML/]: Injection complete
[18:38:59] [main/DEBUG] [FML/]: Running coremod plugin for DepLoader {codechicken.core.launch.DepLoader}
[18:38:59] [main/DEBUG] [FML/]: Running coremod plugin DepLoader
[18:38:59] [main/DEBUG] [FML/]: Coremod plugin class DepLoader run successfully
[18:38:59] [main/INFO] [LaunchWrapper/]: Calling tweak class cpw.mods.fml.relauncher.CoreModManager$FMLPluginWrapper
[18:38:59] [main/DEBUG] [FML/]: Injecting coremod CorePlugin {mrtjp.core.handler.CorePlugin} class transformers
[18:39:00] [main/DEBUG] [FML/]: Injection complete
[18:39:00] [main/DEBUG] [FML/]: Running coremod plugin for CorePlugin {mrtjp.core.handler.CorePlugin}
[18:39:00] [main/DEBUG] [FML/]: Running coremod plugin CorePlugin
[18:39:00] [main/DEBUG] [FML/]: Coremod plugin class CorePlugin run successfully
[18:39:00] [main/INFO] [LaunchWrapper/]: Calling tweak class cpw.mods.fml.relauncher.CoreModManager$FMLPluginWrapper
[18:39:00] [main/DEBUG] [FML/]: Injecting coremod TransformerLoader {li.cil.oc.common.launch.TransformerLoader} class transformers
[18:39:00] [main/TRACE] [FML/]: Registering transformer li.cil.oc.common.asm.ClassTransformer
[18:39:00] [main/DEBUG] [FML/]: Injection complete
[18:39:00] [main/DEBUG] [FML/]: Running coremod plugin for TransformerLoader {li.cil.oc.common.launch.TransformerLoader}
[18:39:00] [main/DEBUG] [FML/]: Running coremod plugin TransformerLoader
[18:39:00] [main/DEBUG] [FML/]: Coremod plugin class TransformerLoader run successfully
[18:39:00] [main/INFO] [LaunchWrapper/]: Calling tweak class cpw.mods.fml.relauncher.CoreModManager$FMLPluginWrapper
[18:39:00] [main/DEBUG] [FML/]: Injecting coremod DepLoader {codechicken.core.launch.DepLoader} class transformers
[18:39:00] [main/DEBUG] [FML/]: Injection complete
[18:39:00] [main/DEBUG] [FML/]: Running coremod plugin for DepLoader {codechicken.core.launch.DepLoader}
[18:39:00] [main/DEBUG] [FML/]: Running coremod plugin DepLoader
[18:39:00] [main/DEBUG] [FML/]: Coremod plugin class DepLoader run successfully
[18:39:00] [main/INFO] [LaunchWrapper/]: Calling tweak class cpw.mods.fml.relauncher.CoreModManager$FMLPluginWrapper
[18:39:00] [main/DEBUG] [FML/]: Injecting coremod DepLoader {thaumcraft.codechicken.core.launch.DepLoader} class transformers
[18:39:00] [main/DEBUG] [FML/]: Injection complete
[18:39:00] [main/DEBUG] [FML/]: Running coremod plugin for DepLoader {thaumcraft.codechicken.core.launch.DepLoader}
[18:39:00] [main/DEBUG] [FML/]: Running coremod plugin DepLoader
[18:39:01] [main/DEBUG] [FML/]: Coremod plugin class DepLoader run successfully
[18:39:01] [main/INFO] [LaunchWrapper/]: Calling tweak class cpw.mods.fml.relauncher.CoreModManager$FMLPluginWrapper
[18:39:01] [main/DEBUG] [FML/]: Injecting coremod ThECore {thaumicenergistics.fml.ThECore} class transformers
[18:39:01] [main/TRACE] [FML/]: Registering transformer thaumicenergistics.fml.ASMTransformer
[18:39:01] [main/DEBUG] [FML/]: Injection complete
[18:39:01] [main/DEBUG] [FML/]: Running coremod plugin for ThECore {thaumicenergistics.fml.ThECore}
[18:39:01] [main/DEBUG] [FML/]: Running coremod plugin ThECore
[18:39:01] [main/DEBUG] [FML/]: Coremod plugin class ThECore run successfully
[18:39:01] [main/INFO] [LaunchWrapper/]: Calling tweak class cpw.mods.fml.relauncher.CoreModManager$FMLPluginWrapper
[18:39:01] [main/DEBUG] [FML/]: Injecting coremod ThaumicTLoaderContainer {thaumic.tinkerer.preloader.ThaumicTLoaderContainer} class transformers
[18:39:01] [main/TRACE] [FML/]: Registering transformer thaumic.tinkerer.preloader.AccessTransformer
[18:39:01] [main/DEBUG] [FML/]: Loaded 13 rules from AccessTransformer config file ThaumicTinkerer_at.cfg
[18:39:01] [main/DEBUG] [FML/]: Injection complete
[18:39:01] [main/DEBUG] [FML/]: Running coremod plugin for ThaumicTLoaderContainer {thaumic.tinkerer.preloader.ThaumicTLoaderContainer}
[18:39:01] [main/DEBUG] [FML/]: Running coremod plugin ThaumicTLoaderContainer
[18:39:01] [main/DEBUG] [FML/]: Coremod plugin class ThaumicTLoaderContainer run successfully
[18:39:01] [main/INFO] [LaunchWrapper/]: Calling tweak class forestry.shade.javacheck.Java7Checker
[18:39:01] [main/INFO] [LaunchWrapper/]: Calling tweak class cpw.mods.fml.relauncher.CoreModManager$FMLPluginWrapper
[18:39:01] [main/DEBUG] [FML/]: Injecting coremod BCModPlugin {brad16840.core.BCModPlugin} class transformers
[18:39:01] [main/TRACE] [FML/]: Registering transformer brad16840.core.ClassTransformer
[18:39:01] [main/DEBUG] [FML/]: Injection complete
[18:39:01] [main/DEBUG] [FML/]: Running coremod plugin for BCModPlugin {brad16840.core.BCModPlugin}
[18:39:01] [main/DEBUG] [FML/]: Running coremod plugin BCModPlugin
[18:39:01] [main/DEBUG] [FML/]: Coremod plugin class BCModPlugin run successfully
[18:39:01] [main/INFO] [LaunchWrapper/]: Calling tweak class cpw.mods.fml.common.launcher.FMLDeobfTweaker
[18:39:01] [main/DEBUG] [FML/]: Loaded 57 rules from AccessTransformer config file fml_at.cfg
[18:39:01] [main/DEBUG] [FML/]: Loaded 89 rules from AccessTransformer config file forge_at.cfg
[18:39:02] [main/DEBUG] [FML/]: Loaded 57 rules from AccessTransformer config file fml_at.cfg
[18:39:02] [main/DEBUG] [FML/]: Loaded 13 rules from AccessTransformer config file ThaumicTinkerer_at.cfg
[18:39:02] [main/DEBUG] [FML/]: Loaded 31 rules from AccessTransformer mod jar file F:\Download\minecraft server  22.23 1.7.10\mods\TConstruct-1.7.10-1.8.8.jar!META-INF/TConstruct_at.cfg

[18:39:02] [main/DEBUG] [FML/]: Loaded 5 rules from AccessTransformer mod jar file F:\Download\minecraft server  22.23 1.7.10\mods\ChickenChunks-1.7.10-1.3.4.19-universal.jar!META-INF/chickenchunks_at.cfg

[18:39:02] [main/DEBUG] [FML/]: Loaded 6 rules from AccessTransformer mod jar file F:\Download\minecraft server  22.23 1.7.10\mods\ThermalDynamics-[1.7.10]1.2.1-172.jar!META-INF/tdynamics_at.cfg

[18:39:02] [main/DEBUG] [FML/]: Loaded 8 rules from AccessTransformer mod jar file F:\Download\minecraft server  22.23 1.7.10\mods\OpenComputers-MC1.7.10-1.7.5.1290-universal.jar!META-INF/oc_at.cfg

[18:39:02] [main/DEBUG] [FML/]: Validating minecraft
[18:39:07] [main/DEBUG] [FML/]: Minecraft validated, launching...
[18:39:07] [main/INFO] [LaunchWrapper/]: Calling tweak class cpw.mods.fml.relauncher.CoreModManager$FMLPluginWrapper
[18:39:07] [main/DEBUG] [FML/]: Injecting coremod Brandon's Core {com.brandon3055.brandonscore.asm.LoadingPlugin} class transformers
[18:39:08] [main/TRACE] [FML/]: Registering transformer com.brandon3055.brandonscore.asm.ClassTransformer
[18:39:08] [main/DEBUG] [FML/]: Injection complete
[18:39:08] [main/DEBUG] [FML/]: Running coremod plugin for Brandon's Core {com.brandon3055.brandonscore.asm.LoadingPlugin}
[18:39:08] [main/DEBUG] [FML/]: Running coremod plugin Brandon's Core
[18:39:08] [main/DEBUG] [FML/]: Coremod plugin class LoadingPlugin run successfully
[18:39:08] [main/INFO] [LaunchWrapper/]: Calling tweak class cpw.mods.fml.relauncher.CoreModManager$FMLPluginWrapper
[18:39:08] [main/DEBUG] [FML/]: Injecting coremod LoadingPlugin {cofh.asm.LoadingPlugin} class transformers
[18:39:08] [main/TRACE] [FML/]: Registering transformer cofh.asm.CoFHClassTransformer
[18:39:08] [main/DEBUG] [FML/]: Injection complete
[18:39:08] [main/DEBUG] [FML/]: Running coremod plugin for LoadingPlugin {cofh.asm.LoadingPlugin}
[18:39:08] [main/DEBUG] [FML/]: Running coremod plugin LoadingPlugin
[18:39:08] [main/DEBUG] [CoFHASM/]: Adding CoFHAT: MFR_at.cfg from: MineFactoryReloaded-[1.7.10]2.8.1-174.jar
[18:39:09] [main/DEBUG] [FML/]: Coremod plugin class LoadingPlugin run successfully
[18:39:09] [main/INFO] [LaunchWrapper/]: Calling tweak class cpw.mods.fml.relauncher.CoreModManager$FMLPluginWrapper
[18:39:09] [main/DEBUG] [FML/]: Injecting coremod EnderCorePlugin {com.enderio.core.common.transform.EnderCorePlugin} class transformers
[18:39:09] [main/TRACE] [FML/]: Registering transformer com.enderio.core.common.transform.EnderCoreTransformer
[18:39:09] [main/TRACE] [FML/]: Registering transformer com.enderio.core.common.transform.EnderCoreTransformerClient
[18:39:09] [main/DEBUG] [FML/]: Injection complete
[18:39:09] [main/DEBUG] [FML/]: Running coremod plugin for EnderCorePlugin {com.enderio.core.common.transform.EnderCorePlugin}
[18:39:09] [main/DEBUG] [FML/]: Running coremod plugin EnderCorePlugin
[18:39:09] [main/DEBUG] [FML/]: Coremod plugin class EnderCorePlugin run successfully
[18:39:09] [main/INFO] [LaunchWrapper/]: Loading tweak class name cpw.mods.fml.common.launcher.TerminalTweaker
[18:39:09] [main/INFO] [LaunchWrapper/]: Calling tweak class cpw.mods.fml.common.launcher.TerminalTweaker
[18:39:11] [main/INFO] [LaunchWrapper/]: Launching wrapped minecraft {net.minecraft.server.MinecraftServer}
[18:39:11] [main/DEBUG] [CCL ASM/]: Writing method [aji.canBeReplacedByLeaves(Lahl;III)Z]
[18:39:17] [main/INFO] [OpenComputers/]: Successfully patched sw.recreateLeash.
[18:39:18] [main/INFO] [EnderCore/]: Transforming Class [net.minecraft.entity.projectile.EntityArrow], Method [func_70071_h_]
[18:39:18] [main/INFO] [EnderCore/]: Transforming net.minecraft.entity.projectile.EntityArrow Finished.
[18:39:20] [main/INFO] [EnderCore/]: Transforming Class [net.minecraft.item.ItemStack], Method [func_77953_t]
[18:39:20] [main/INFO] [EnderCore/]: Transforming net.minecraft.item.ItemStack Finished.
[18:39:20] [main/INFO] [EnderCore/]: Transforming Class [net.minecraft.inventory.ContainerFurnace], Method [func_82846_b]
[18:39:20] [main/INFO] [EnderCore/]: Transforming net.minecraft.inventory.ContainerFurnace Finished.
[18:39:24] [main/WARN] [FML/]: =============================================================
[18:39:24] [main/WARN] [FML/]: MOD HAS DIRECT REFERENCE System.exit() THIS IS NOT ALLOWED REROUTING TO FML!
[18:39:24] [main/WARN] [FML/]: Offendor: net/minecraft/server/gui/MinecraftServerGui$1.windowClosing(Ljava/awt/event/WindowEvent;)V
[18:39:24] [main/WARN] [FML/]: Use FMLCommonHandler.exitJava instead
[18:39:24] [main/WARN] [FML/]: =============================================================
[18:39:24] [Server thread/INFO] [MinecraftForge/]: Attempting early MinecraftForge initialization
[18:39:24] [Server thread/INFO] [FML/]: MinecraftForge v10.13.4.1614 Initialized
[18:39:25] [Server thread/INFO] [FML/]: Replaced 183 ore recipies
[18:39:26] [Server thread/INFO] [MinecraftForge/]: Completed early MinecraftForge initialization
[18:39:26] [Server thread/DEBUG] [FML/]: File F:\Download\minecraft server  22.23 1.7.10\config\injectedDependencies.json not found. No dependencies injected
[18:39:26] [Server thread/DEBUG] [FML/]: Building injected Mod Containers [cpw.mods.fml.common.FMLContainer, net.minecraftforge.common.ForgeModContainer, appeng.transformer.AppEngCore, codechicken.core.asm.CodeChickenCoreModContainer, li.cil.oc.common.launch.CoreModContainer, thaumicenergistics.fml.ThECore, thaumic.tinkerer.preloader.ThaumicTLoaderContainer, cofh.asm.LoadingPlugin$CoFHDummyContainer]
[18:39:26] [Server thread/INFO] [FML/]: [AppEng] Core Init
[18:39:26] [Server thread/DEBUG] [FML/]: Attempting to load mods contained in the minecraft jar file and associated classes
[18:39:26] [Server thread/DEBUG] [FML/]: Found a minecraft related file at F:\Download\minecraft server  22.23 1.7.10\forge-1.7.10-10.13.4.1614-1.7.10-universal.jar, examining for mod candidates
[18:39:26] [Server thread/TRACE] [FML/]: Skipping known library file F:\Download\minecraft server  22.23 1.7.10\mods\appliedenergistics2-rv3-beta-6.jar
[18:39:26] [Server thread/TRACE] [FML/]: Skipping known library file F:\Download\minecraft server  22.23 1.7.10\mods\backpacks+1.7.10+-+3.5.8.jar
[18:39:26] [Server thread/TRACE] [FML/]: Skipping known library file F:\Download\minecraft server  22.23 1.7.10\mods\brandonscore-1.0.0.12.jar
[18:39:26] [Server thread/TRACE] [FML/]: Skipping known library file F:\Download\minecraft server  22.23 1.7.10\mods\CodeChickenCore-1.7.10-1.0.7.47-universal.jar
[18:39:26] [Server thread/DEBUG] [FML/]: Found a minecraft related file at F:\Download\minecraft server  22.23 1.7.10\.\mods\1.7.10\CodeChickenLib-1.7.10-1.1.3.138-universal.jar, examining for mod candidates
[18:39:26] [Server thread/TRACE] [FML/]: Skipping known library file F:\Download\minecraft server  22.23 1.7.10\mods\CoFHCore-[1.7.10]3.1.4-329.jar
[18:39:26] [Server thread/TRACE] [FML/]: Skipping known library file F:\Download\minecraft server  22.23 1.7.10\mods\EnderCore-1.7.10-0.2.0.39_beta.jar
[18:39:26] [Server thread/TRACE] [FML/]: Skipping known library file F:\Download\minecraft server  22.23 1.7.10\mods\forestry_1.7.10-4.2.16.64.jar
[18:39:26] [Server thread/TRACE] [FML/]: Skipping known library file F:\Download\minecraft server  22.23 1.7.10\mods\1.7.10\ForgeMultipart-1.7.10-1.2.0.345-universal.jar
[18:39:26] [Server thread/TRACE] [FML/]: Skipping known library file F:\Download\minecraft server  22.23 1.7.10\mods\1.7.10\MrTJPCore-1.7.10-1.1.0.33-universal.jar
[18:39:26] [Server thread/TRACE] [FML/]: Skipping known library file F:\Download\minecraft server  22.23 1.7.10\mods\OpenComputers-MC1.7.10-1.7.5.1290-universal.jar
[18:39:26] [Server thread/TRACE] [FML/]: Skipping known library file F:\Download\minecraft server  22.23 1.7.10\mods\ProjectRed-1.7.10-4.7.0pre12.95-Base.jar
[18:39:26] [Server thread/TRACE] [FML/]: Skipping known library file F:\Download\minecraft server  22.23 1.7.10\mods\Thaumcraft-1.7.10-4.2.3.5.jar
[18:39:26] [Server thread/TRACE] [FML/]: Skipping known library file F:\Download\minecraft server  22.23 1.7.10\mods\thaumicenergistics-1.1.3.0.jar
[18:39:26] [Server thread/TRACE] [FML/]: Skipping known library file F:\Download\minecraft server  22.23 1.7.10\mods\ThaumicTinkerer-2.5-1.7.10-164.jar
[18:39:26] [Server thread/DEBUG] [FML/]: Minecraft jar mods loaded successfully
[18:39:26] [Server thread/INFO] [FML/]: Found 0 mods from the command line. Injecting into mod discoverer
[18:39:26] [Server thread/INFO] [FML/]: Searching F:\Download\minecraft server  22.23 1.7.10\mods for mods
[18:39:26] [Server thread/DEBUG] [FML/]: Found a candidate mod directory 1.7.10
[18:39:26] [Server thread/DEBUG] [FML/]: Found a candidate zip or jar file appliedenergistics2-rv3-beta-6.jar
[18:39:26] [Server thread/DEBUG] [FML/]: Found a candidate zip or jar file automagy_1.7.10.jar
[18:39:26] [Server thread/DEBUG] [FML/]: Found a candidate zip or jar file backpacks+1.7.10+-+3.5.8.jar
[18:39:26] [Server thread/DEBUG] [FML/]: Found a candidate zip or jar file BigReactors-0.4.3A.jar
[18:39:26] [Server thread/DEBUG] [FML/]: Found a candidate zip or jar file binnie-mods-1.7.10-2.0.22.7.jar
[18:39:26] [Server thread/DEBUG] [FML/]: Found a candidate zip or jar file Botania+r1.8-249.jar
[18:39:26] [Server thread/DEBUG] [FML/]: Found a candidate zip or jar file brandonscore-1.0.0.12.jar
[18:39:26] [Server thread/DEBUG] [FML/]: Found a candidate zip or jar file ChickenChunks-1.7.10-1.3.4.19-universal.jar
[18:39:26] [Server thread/TRACE] [FML/]: Skipping already parsed coremod or tweaker CodeChickenCore-1.7.10-1.0.7.47-universal.jar
[18:39:26] [Server thread/DEBUG] [FML/]: Found a candidate zip or jar file CoFHCore-[1.7.10]3.1.4-329.jar
[18:39:26] [Server thread/DEBUG] [FML/]: Found a candidate zip or jar file Draconic-Evolution-1.7.10-1.0.2h.jar
[18:39:26] [Server thread/DEBUG] [FML/]: Found a candidate zip or jar file EnchantingPlus-1.7.10-3.0.2-d.jar
[18:39:26] [Server thread/DEBUG] [FML/]: Found a candidate zip or jar file EnderCore-1.7.10-0.2.0.39_beta.jar
[18:39:26] [Server thread/DEBUG] [FML/]: Found a candidate zip or jar file EnderIO-1.7.10-2.3.0.429_beta.jar
[18:39:26] [Server thread/DEBUG] [FML/]: Found a candidate zip or jar file EnderStorage-1.7.10-1.4.7.37-universal.jar
[18:39:26] [Server thread/DEBUG] [FML/]: Found a candidate zip or jar file Ex-Nihilo-1.38-53.jar
[18:39:26] [Server thread/DEBUG] [FML/]: Found a candidate zip or jar file excompressum-mc1.7.10-1.2.0.jar
[18:39:26] [Server thread/DEBUG] [FML/]: Found a candidate zip or jar file ExtraCells-1.7.10-2.3.14b200.jar
[18:39:26] [Server thread/DEBUG] [FML/]: Found a candidate zip or jar file ExtraTiC-1.7.10-1.4.6.jar
[18:39:26] [Server thread/DEBUG] [FML/]: Found a candidate zip or jar file extrautilities-1.2.12.jar
[18:39:26] [Server thread/DEBUG] [FML/]: Found a candidate zip or jar file forbidden-magic-1.7.10-0.575.jar
[18:39:26] [Server thread/DEBUG] [FML/]: Found a candidate zip or jar file forestry_1.7.10-4.2.16.64.jar
[18:39:26] [Server thread/DEBUG] [FML/]: Found a candidate zip or jar file GraveStone+Mod+0.7.10.3.jar
[18:39:26] [Server thread/DEBUG] [FML/]: Found a candidate zip or jar file HQM-The+Journey-4.4.4.jar
[18:39:26] [Server thread/DEBUG] [FML/]: Found a candidate zip or jar file ironchest-1.7.10-6.0.62.742-universal.jar
[18:39:26] [Server thread/DEBUG] [FML/]: Found a candidate zip or jar file magicbees-1.7.10-2.4.4.jar
[18:39:26] [Server thread/DEBUG] [FML/]: Found a candidate zip or jar file mantle-1.7.10-0.3.2b.jar
[18:39:26] [Server thread/DEBUG] [FML/]: Found a candidate zip or jar file MineFactoryReloaded-[1.7.10]2.8.1-174.jar
[18:39:26] [Server thread/DEBUG] [FML/]: Found a candidate zip or jar file Morpheus-1.7.10-1.6.21.jar
[18:39:26] [Server thread/DEBUG] [FML/]: Found a candidate zip or jar file Nevermine-Tslat-1.1.2.jar
[18:39:26] [Server thread/DEBUG] [FML/]: Found a candidate zip or jar file OpenComputers-MC1.7.10-1.7.5.1290-universal.jar
[18:39:26] [Server thread/DEBUG] [FML/]: Found a candidate zip or jar file OpenModularTurrets-1.7.10-2.2.11-245.jar
[18:39:26] [Server thread/DEBUG] [FML/]: Found a candidate zip or jar file ProjectRed-1.7.10-4.7.0pre12.95-Base.jar
[18:39:26] [Server thread/DEBUG] [FML/]: Found a candidate zip or jar file ProjectRed-1.7.10-4.7.0pre12.95-Compat.jar
[18:39:26] [Server thread/DEBUG] [FML/]: Found a candidate zip or jar file ProjectRed-1.7.10-4.7.0pre12.95-Fabrication.jar
[18:39:26] [Server thread/DEBUG] [FML/]: Found a candidate zip or jar file ProjectRed-1.7.10-4.7.0pre12.95-Integration.jar
[18:39:26] [Server thread/DEBUG] [FML/]: Found a candidate zip or jar file ProjectRed-1.7.10-4.7.0pre12.95-Lighting.jar
[18:39:26] [Server thread/DEBUG] [FML/]: Found a candidate zip or jar file ProjectRed-1.7.10-4.7.0pre12.95-World.jar
[18:39:26] [Server thread/DEBUG] [FML/]: Found a candidate zip or jar file Railcraft_1.7.10-9.12.2.0.jar
[18:39:26] [Server thread/DEBUG] [FML/]: Found a candidate zip or jar file SolarFlux-1.7.10-0.8b.jar
[18:39:26] [Server thread/DEBUG] [FML/]: Found a candidate zip or jar file StevesWorkshop-0.5.1.jar
[18:39:26] [Server thread/DEBUG] [FML/]: Found a candidate zip or jar file tainted-magic-r7.82.jar
[18:39:26] [Server thread/DEBUG] [FML/]: Found a candidate zip or jar file TConstruct-1.7.10-1.8.8.jar
[18:39:26] [Server thread/DEBUG] [FML/]: Found a candidate zip or jar file Thaumcraft-1.7.10-4.2.3.5.jar
[18:39:26] [Server thread/DEBUG] [FML/]: Found a candidate zip or jar file thaumicenergistics-1.1.3.0.jar
[18:39:26] [Server thread/DEBUG] [FML/]: Found a candidate zip or jar file thaumichorizons-1.7.10-1.1.9.jar
[18:39:26] [Server thread/DEBUG] [FML/]: Found a candidate zip or jar file ThaumicTinkerer-2.5-1.7.10-164.jar
[18:39:26] [Server thread/DEBUG] [FML/]: Found a candidate zip or jar file ThermalDynamics-[1.7.10]1.2.1-172.jar
[18:39:26] [Server thread/DEBUG] [FML/]: Found a candidate zip or jar file ThermalExpansion-[1.7.10]4.1.5-248.jar
[18:39:26] [Server thread/DEBUG] [FML/]: Found a candidate zip or jar file ThermalFoundation-[1.7.10]1.2.6-118.jar
[18:39:26] [Server thread/DEBUG] [FML/]: Found a candidate zip or jar file Waila-1.5.10_1.7.10.jar
[18:39:26] [Server thread/DEBUG] [FML/]: Found a candidate zip or jar file WAILAPlugins-MC1.7.10-0.2.0-25.jar
[18:39:26] [Server thread/DEBUG] [FML/]: Found a candidate zip or jar file Wawla-1.0.5.120.jar
[18:39:26] [Server thread/INFO] [FML/]: Also searching F:\Download\minecraft server  22.23 1.7.10\mods\1.7.10 for mods
[18:39:26] [Server thread/DEBUG] [FML/]: Found a candidate zip or jar file [1.7.10]bspkrsCore-universal-6.16.jar
[18:39:26] [Server thread/DEBUG] [FML/]: Found a candidate zip or jar file Baubles-1.7.10-1.0.1.10.jar
[18:39:26] [Server thread/DEBUG] [FML/]: Found a candidate zip or jar file CodeChickenLib-1.7.10-1.1.3.138-universal.jar
[18:39:26] [Server thread/DEBUG] [FML/]: Found a candidate zip or jar file ForgeMultipart-1.7.10-1.2.0.345-universal.jar
[18:39:26] [Server thread/DEBUG] [FML/]: Found a candidate zip or jar file MrTJPCore-1.7.10-1.1.0.33-universal.jar
[18:39:26] [Server thread/DEBUG] [FML/]: Examining file forge-1.7.10-10.13.4.1614-1.7.10-universal.jar for potential mods
[18:39:26] [Server thread/DEBUG] [FML/]: The mod container forge-1.7.10-10.13.4.1614-1.7.10-universal.jar appears to be missing an mcmod.info file
[18:39:27] [Server thread/DEBUG] [FML/]: Examining file CodeChickenLib-1.7.10-1.1.3.138-universal.jar for potential mods
[18:39:27] [Server thread/DEBUG] [FML/]: The mod container CodeChickenLib-1.7.10-1.1.3.138-universal.jar appears to be missing an mcmod.info file
[18:39:27] [Server thread/DEBUG] [FML/]: Examining directory 1.7.10 for potential mods
[18:39:27] [Server thread/DEBUG] [FML/]: No mcmod.info file found in directory 1.7.10
[18:39:27] [Server thread/DEBUG] [FML/]: Examining file appliedenergistics2-rv3-beta-6.jar for potential mods
[18:39:27] [Server thread/TRACE] [FML/]: Located mcmod.info file in file appliedenergistics2-rv3-beta-6.jar
[18:39:27] [Server thread/DEBUG] [FML/]: Identified a mod of type Lcpw/mods/fml/common/Mod; (appeng.core.AppEng) - loading
[18:39:27] [Server thread/TRACE] [appliedenergistics2/]: Parsed dependency info : [Forge@[10.13.4.1448,)] [appliedenergistics2-core, Forge@[10.13.4.1448,)] []
[18:39:28] [Server thread/DEBUG] [FML/]: Examining file automagy_1.7.10.jar for potential mods
[18:39:28] [Server thread/TRACE] [FML/]: Located mcmod.info file in file automagy_1.7.10.jar
[18:39:28] [Server thread/DEBUG] [FML/]: Identified a mod of type Lcpw/mods/fml/common/Mod; (tuhljin.automagy.Automagy) - loading
[18:39:28] [Server thread/TRACE] [Automagy/]: Parsed dependency info : [Thaumcraft@[4.2.3.5,)] [Thaumcraft@[4.2.3.5,), Waila, MineFactoryReloaded, MineFactoryReloaded|CompatThaumcraft] []
[18:39:28] [Server thread/DEBUG] [FML/]: Examining file backpacks+1.7.10+-+3.5.8.jar for potential mods
[18:39:28] [Server thread/TRACE] [FML/]: Located mcmod.info file in file backpacks+1.7.10+-+3.5.8.jar
[18:39:28] [Server thread/DEBUG] [FML/]: Identified a mod of type Lcpw/mods/fml/common/Mod; (brad16840.common.Common) - loading
[18:39:28] [Server thread/TRACE] [backpacks16840/]: Parsed dependency info : [] [] []
[18:39:28] [Server thread/DEBUG] [FML/]: Examining file BigReactors-0.4.3A.jar for potential mods
[18:39:28] [Server thread/TRACE] [FML/]: Located mcmod.info file in file BigReactors-0.4.3A.jar
[18:39:28] [Server thread/DEBUG] [FML/]: Identified a mod of type Lcpw/mods/fml/common/Mod; (erogenousbeef.bigreactors.common.BRLoader) - loading
[18:39:28] [Server thread/TRACE] [BigReactors/]: Parsed dependency info : [CoFHCore, Forge@[10.13.2.1291,)] [Forge@[10.13.2.1291,), CoFHCore, ThermalExpansion] []
[18:39:29] [Server thread/DEBUG] [FML/]: Examining file binnie-mods-1.7.10-2.0.22.7.jar for potential mods
[18:39:29] [Server thread/TRACE] [FML/]: Located mcmod.info file in file binnie-mods-1.7.10-2.0.22.7.jar
[18:39:29] [Server thread/DEBUG] [FML/]: Identified a mod of type Lcpw/mods/fml/common/Mod; (binnie.core.BinnieCore) - loading
[18:39:29] [Server thread/TRACE] [BinnieCore/]: Using mcmod dependency info : [Forestry] [Forestry] []
[18:39:29] [Server thread/DEBUG] [BinnieCore/]: Attempting to load the file version.properties from binnie-mods-1.7.10-2.0.22.7.jar to locate a version number for BinnieCore
[18:39:29] [Server thread/WARN] [BinnieCore/]: Mod BinnieCore is missing the required element 'version' and a version.properties file could not be found. Falling back to metadata version 2.0.22.7
[18:39:29] [Server thread/DEBUG] [FML/]: Identified a mod of type Lcpw/mods/fml/common/Mod; (binnie.botany.Botany) - loading
[18:39:29] [Server thread/TRACE] [Botany/]: Parsed dependency info : [] [BinnieCore] []
[18:39:29] [Server thread/DEBUG] [Botany/]: Attempting to load the file version.properties from binnie-mods-1.7.10-2.0.22.7.jar to locate a version number for Botany
[18:39:29] [Server thread/WARN] [Botany/]: Mod Botany is missing the required element 'version' and a version.properties file could not be found. Falling back to metadata version 2.0.22.7
[18:39:29] [Server thread/DEBUG] [FML/]: Identified a mod of type Lcpw/mods/fml/common/Mod; (binnie.extratrees.ExtraTrees) - loading
[18:39:29] [Server thread/TRACE] [ExtraTrees/]: Parsed dependency info : [] [BinnieCore] []
[18:39:29] [Server thread/DEBUG] [ExtraTrees/]: Attempting to load the file version.properties from binnie-mods-1.7.10-2.0.22.7.jar to locate a version number for ExtraTrees
[18:39:29] [Server thread/WARN] [ExtraTrees/]: Mod ExtraTrees is missing the required element 'version' and a version.properties file could not be found. Falling back to metadata version 2.0.22.7
[18:39:29] [Server thread/DEBUG] [FML/]: Identified a mod of type Lcpw/mods/fml/common/Mod; (binnie.genetics.Genetics) - loading
[18:39:29] [Server thread/TRACE] [Genetics/]: Parsed dependency info : [] [BinnieCore] []
[18:39:29] [Server thread/DEBUG] [Genetics/]: Attempting to load the file version.properties from binnie-mods-1.7.10-2.0.22.7.jar to locate a version number for Genetics
[18:39:29] [Server thread/WARN] [Genetics/]: Mod Genetics is missing the required element 'version' and a version.properties file could not be found. Falling back to metadata version 2.0.22.7
[18:39:29] [Server thread/DEBUG] [FML/]: Identified a mod of type Lcpw/mods/fml/common/Mod; (binnie.extrabees.ExtraBees) - loading
[18:39:29] [Server thread/TRACE] [ExtraBees/]: Parsed dependency info : [] [BinnieCore] []
[18:39:29] [Server thread/DEBUG] [ExtraBees/]: Attempting to load the file version.properties from binnie-mods-1.7.10-2.0.22.7.jar to locate a version number for ExtraBees
[18:39:29] [Server thread/WARN] [ExtraBees/]: Mod ExtraBees is missing the required element 'version' and a version.properties file could not be found. Falling back to metadata version 2.0.22.7
[18:39:29] [Server thread/DEBUG] [FML/]: Examining file Botania+r1.8-249.jar for potential mods
[18:39:29] [Server thread/TRACE] [FML/]: Located mcmod.info file in file Botania+r1.8-249.jar
[18:39:29] [Server thread/DEBUG] [FML/]: Identified a mod of type Lcpw/mods/fml/common/Mod; (vazkii.botania.common.Botania) - loading
[18:39:29] [Server thread/TRACE] [Botania/]: Parsed dependency info : [Baubles] [Baubles, Thaumcraft] []
[18:39:29] [Server thread/DEBUG] [FML/]: Examining file brandonscore-1.0.0.12.jar for potential mods
[18:39:29] [Server thread/TRACE] [FML/]: Located mcmod.info file in file brandonscore-1.0.0.12.jar
[18:39:29] [Server thread/DEBUG] [FML/]: Identified a mod of type Lcpw/mods/fml/common/Mod; (com.brandon3055.brandonscore.BrandonsCore) - loading
[18:39:29] [Server thread/TRACE] [BrandonsCore/]: Parsed dependency info : [] [] []
[18:39:29] [Server thread/DEBUG] [FML/]: Examining file ChickenChunks-1.7.10-1.3.4.19-universal.jar for potential mods
[18:39:29] [Server thread/TRACE] [FML/]: Located mcmod.info file in file ChickenChunks-1.7.10-1.3.4.19-universal.jar
[18:39:29] [Server thread/DEBUG] [FML/]: Identified a mod of type Lcpw/mods/fml/common/Mod; (codechicken.chunkloader.ChickenChunks) - loading
[18:39:29] [Server thread/TRACE] [ChickenChunks/]: Parsed dependency info : [CodeChickenCore@[1.0.3,)] [CodeChickenCore@[1.0.3,)] []
[18:39:29] [Server thread/DEBUG] [ChickenChunks/]: Attempting to load the file version.properties from ChickenChunks-1.7.10-1.3.4.19-universal.jar to locate a version number for ChickenChunks
[18:39:29] [Server thread/WARN] [ChickenChunks/]: Mod ChickenChunks is missing the required element 'version' and a version.properties file could not be found. Falling back to metadata version 1.3.4.19
[18:39:29] [Server thread/DEBUG] [FML/]: Examining file CoFHCore-[1.7.10]3.1.4-329.jar for potential mods
[18:39:29] [Server thread/TRACE] [FML/]: Located mcmod.info file in file CoFHCore-[1.7.10]3.1.4-329.jar
[18:39:29] [Server thread/DEBUG] [FML/]: Identified a mod of type Lcpw/mods/fml/common/Mod; (cofh.CoFHCore) - loading
[18:39:29] [Server thread/TRACE] [CoFHCore/]: Parsed dependency info : [Forge@[10.13.4.1448,10.14)] [Forge@[10.13.4.1448,10.14)] []
[18:39:29] [Server thread/DEBUG] [FML/]: Examining file Draconic-Evolution-1.7.10-1.0.2h.jar for potential mods
[18:39:29] [Server thread/TRACE] [FML/]: Located mcmod.info file in file Draconic-Evolution-1.7.10-1.0.2h.jar
[18:39:29] [Server thread/DEBUG] [FML/]: Identified a mod of type Lcpw/mods/fml/common/Mod; (com.brandon3055.draconicevolution.DraconicEvolution) - loading
[18:39:29] [Server thread/TRACE] [DraconicEvolution/]: Parsed dependency info : [BrandonsCore@[1.0.0.11,)] [NotEnoughItems, NotEnoughItems, ThermalExpansion, ThermalFoundation, BrandonsCore@[1.0.0.11,)] []
[18:39:30] [Server thread/DEBUG] [FML/]: Examining file EnchantingPlus-1.7.10-3.0.2-d.jar for potential mods
[18:39:30] [Server thread/TRACE] [FML/]: Located mcmod.info file in file EnchantingPlus-1.7.10-3.0.2-d.jar
[18:39:30] [Server thread/DEBUG] [FML/]: Identified a mod of type Lcpw/mods/fml/common/Mod; (com.aesireanempire.eplus.EnchantingPlus) - loading
[18:39:30] [Server thread/TRACE] [eplus/]: Parsed dependency info : [] [] []
[18:39:30] [Server thread/DEBUG] [FML/]: Examining file EnderCore-1.7.10-0.2.0.39_beta.jar for potential mods
[18:39:30] [Server thread/TRACE] [FML/]: Located mcmod.info file in file EnderCore-1.7.10-0.2.0.39_beta.jar
[18:39:30] [Server thread/DEBUG] [FML/]: Identified a mod of type Lcpw/mods/fml/common/Mod; (com.enderio.core.EnderCore) - loading
[18:39:30] [Server thread/TRACE] [endercore/]: Parsed dependency info : [] [ttCore] []
[18:39:30] [Server thread/DEBUG] [FML/]: Examining file EnderIO-1.7.10-2.3.0.429_beta.jar for potential mods
[18:39:30] [Server thread/TRACE] [FML/]: Located mcmod.info file in file EnderIO-1.7.10-2.3.0.429_beta.jar
[18:39:30] [Server thread/DEBUG] [FML/]: Identified a mod of type Lcpw/mods/fml/common/Mod; (crazypants.enderio.EnderIO) - loading
[18:39:30] [Server thread/TRACE] [EnderIO/]: Parsed dependency info : [endercore@[1.7.10-0.2.0.35_beta,), Forge@[10.13.4.1448,)] [Forge@[10.13.4.1448,), endercore@[1.7.10-0.2.0.35_beta,), MineFactoryReloaded, Waila@[1.5.10,), Thaumcraft, appliedenergistics2@[rv2-beta-8,)] []
[18:39:32] [Server thread/DEBUG] [FML/]: Examining file EnderStorage-1.7.10-1.4.7.37-universal.jar for potential mods
[18:39:32] [Server thread/TRACE] [FML/]: Located mcmod.info file in file EnderStorage-1.7.10-1.4.7.37-universal.jar
[18:39:32] [Server thread/DEBUG] [FML/]: Identified a mod of type Lcpw/mods/fml/common/Mod; (codechicken.enderstorage.EnderStorage) - loading
[18:39:32] [Server thread/TRACE] [EnderStorage/]: Parsed dependency info : [CodeChickenCore@[1.0.5,)] [CodeChickenCore@[1.0.5,)] []
[18:39:32] [Server thread/DEBUG] [EnderStorage/]: Attempting to load the file version.properties from EnderStorage-1.7.10-1.4.7.37-universal.jar to locate a version number for EnderStorage
[18:39:32] [Server thread/WARN] [EnderStorage/]: Mod EnderStorage is missing the required element 'version' and a version.properties file could not be found. Falling back to metadata version 1.4.7.37
[18:39:32] [Server thread/DEBUG] [FML/]: Examining file Ex-Nihilo-1.38-53.jar for potential mods
[18:39:32] [Server thread/DEBUG] [FML/]: The mod container Ex-Nihilo-1.38-53.jar appears to be missing an mcmod.info file
[18:39:32] [Server thread/DEBUG] [FML/]: Identified a mod of type Lcpw/mods/fml/common/Mod; (exnihilo.ExNihilo) - loading
[18:39:32] [Server thread/TRACE] [exnihilo/]: Parsed dependency info : [Forge@[10.13.0.1180,)] [Forge@[10.13.0.1180,)] []
[18:39:33] [Server thread/DEBUG] [FML/]: Examining file excompressum-mc1.7.10-1.2.0.jar for potential mods
[18:39:33] [Server thread/TRACE] [FML/]: Located mcmod.info file in file excompressum-mc1.7.10-1.2.0.jar
[18:39:33] [Server thread/DEBUG] [FML/]: Identified a mod of type Lcpw/mods/fml/common/Mod; (net.blay09.mods.excompressum.ExCompressum) - loading
[18:39:33] [Server thread/TRACE] [excompressum/]: Parsed dependency info : [exnihilo] [exnihilo] []
[18:39:33] [Server thread/DEBUG] [excompressum/]: Attempting to load the file version.properties from excompressum-mc1.7.10-1.2.0.jar to locate a version number for excompressum
[18:39:33] [Server thread/WARN] [excompressum/]: Mod excompressum is missing the required element 'version' and a version.properties file could not be found. Falling back to metadata version 1.2.0
[18:39:33] [Server thread/DEBUG] [FML/]: Examining file ExtraCells-1.7.10-2.3.14b200.jar for potential mods
[18:39:33] [Server thread/TRACE] [FML/]: Located mcmod.info file in file ExtraCells-1.7.10-2.3.14b200.jar
[18:39:33] [Server thread/DEBUG] [FML/]: Identified a mod of type Lcpw/mods/fml/common/Mod; (extracells.Extracells) - loading
[18:39:33] [Server thread/TRACE] [extracells/]: Parsed dependency info : [appliedenergistics2] [LogisticsPipes|Main, Waila, appliedenergistics2] []
[18:39:33] [Server thread/DEBUG] [extracells/]: Attempting to load the file version.properties from ExtraCells-1.7.10-2.3.14b200.jar to locate a version number for extracells
[18:39:33] [Server thread/DEBUG] [extracells/]: Found version 2.3.14 for mod extracells in version.properties, using
[18:39:33] [Server thread/DEBUG] [FML/]: Examining file ExtraTiC-1.7.10-1.4.6.jar for potential mods
[18:39:33] [Server thread/TRACE] [FML/]: Located mcmod.info file in file ExtraTiC-1.7.10-1.4.6.jar
[18:39:33] [Server thread/DEBUG] [FML/]: Identified a mod of type Lcpw/mods/fml/common/Mod; (glassmaker.extratic.ExtraTiC) - loading
[18:39:33] [Server thread/TRACE] [ExtraTiC/]: Using mcmod dependency info : [Forge, TConstruct] [TConstruct, Metallurgy@[4.0.4,], Natura, Mekanisum, appliedenergistics2, BiomesOPlenty, TSteelworks, BigReactors, ExtraUtilities, harvestcraft, progressiveautomation, ThermalFoundation, nevermine] []
[18:39:33] [Server thread/DEBUG] [FML/]: Examining file extrautilities-1.2.12.jar for potential mods
[18:39:33] [Server thread/TRACE] [FML/]: Located mcmod.info file in file extrautilities-1.2.12.jar
[18:39:33] [Server thread/DEBUG] [FML/]: Identified a mod of type Lcpw/mods/fml/common/Mod; (com.rwtema.extrautils.ExtraUtilsMod) - loading
[18:39:33] [Server thread/TRACE] [ExtraUtilities/]: Parsed dependency info : [Forge@[10.13.2.1291,)] [Forge@[10.13.2.1291,), ForgeMultipart@[1.2.0.336,), Baubles, ThermalFoundation, EE3] [TConstruct@[1.7.10-1.8.5,)]
[18:39:33] [Server thread/DEBUG] [ExtraUtilities/]: Attempting to load the file version.properties from extrautilities-1.2.12.jar to locate a version number for ExtraUtilities
[18:39:33] [Server thread/WARN] [ExtraUtilities/]: Mod ExtraUtilities is missing the required element 'version' and a version.properties file could not be found. Falling back to metadata version 1.2.12
[18:39:33] [Server thread/DEBUG] [FML/]: Examining file forbidden-magic-1.7.10-0.575.jar for potential mods
[18:39:33] [Server thread/TRACE] [FML/]: Located mcmod.info file in file forbidden-magic-1.7.10-0.575.jar
[18:39:33] [Server thread/DEBUG] [FML/]: Identified a mod of type Lcpw/mods/fml/common/Mod; (fox.spiteful.forbidden.Forbidden) - loading
[18:39:33] [Server thread/TRACE] [ForbiddenMagic/]: Parsed dependency info : [Thaumcraft@[4.2.2.0,)] [Thaumcraft@[4.2.2.0,), ThaumicTinkerer, AWWayofTime, Botania] []
[18:39:33] [Server thread/DEBUG] [ForbiddenMagic/]: Attempting to load the file version.properties from forbidden-magic-1.7.10-0.575.jar to locate a version number for ForbiddenMagic
[18:39:33] [Server thread/WARN] [ForbiddenMagic/]: Mod ForbiddenMagic is missing the required element 'version' and a version.properties file could not be found. Falling back to metadata version 1.7.10-0.575
[18:39:33] [Server thread/DEBUG] [FML/]: Examining file forestry_1.7.10-4.2.16.64.jar for potential mods
[18:39:33] [Server thread/TRACE] [FML/]: Located mcmod.info file in file forestry_1.7.10-4.2.16.64.jar
[18:39:34] [Server thread/DEBUG] [FML/]: Identified a mod of type Lcpw/mods/fml/common/Mod; (forestry.Forestry) - loading
[18:39:34] [Server thread/TRACE] [Forestry/]: Parsed dependency info : [Forge@[10.13.4.1566,)] [Forge@[10.13.4.1566,), Buildcraft|Core@[6.1.7,), ExtrabiomesXL, BiomesOPlenty, IC2@[2.0.140,), Natura@[2.2.0,), HardcoreEnderExpansion] []
[18:39:34] [Server thread/DEBUG] [FML/]: Examining file GraveStone+Mod+0.7.10.3.jar for potential mods
[18:39:34] [Server thread/TRACE] [FML/]: Located mcmod.info file in file GraveStone+Mod+0.7.10.3.jar
[18:39:34] [Server thread/DEBUG] [FML/]: Identified a mod of type Lcpw/mods/fml/common/Mod; (de.maxhenkel.gravestone.Main) - loading
[18:39:34] [Server thread/TRACE] [gravestone/]: Parsed dependency info : [] [] []
[18:39:34] [Server thread/DEBUG] [FML/]: Examining file HQM-The+Journey-4.4.4.jar for potential mods
[18:39:34] [Server thread/TRACE] [FML/]: Located mcmod.info file in file HQM-The+Journey-4.4.4.jar
[18:39:34] [Server thread/DEBUG] [FML/]: Identified a mod of type Lcpw/mods/fml/common/Mod; (hardcorequesting.HardcoreQuesting) - loading
[18:39:34] [Server thread/TRACE] [HardcoreQuesting/]: Parsed dependency info : [] [] []
[18:39:34] [Server thread/DEBUG] [FML/]: Examining file ironchest-1.7.10-6.0.62.742-universal.jar for potential mods
[18:39:34] [Server thread/TRACE] [FML/]: Located mcmod.info file in file ironchest-1.7.10-6.0.62.742-universal.jar
[18:39:34] [Server thread/DEBUG] [FML/]: Identified a mod of type Lcpw/mods/fml/common/Mod; (cpw.mods.ironchest.IronChest) - loading
[18:39:34] [Server thread/TRACE] [IronChest/]: Parsed dependency info : [Forge@[10.10,), FML@[7.2,)] [Forge@[10.10,), FML@[7.2,)] []
[18:39:34] [Server thread/DEBUG] [IronChest/]: Attempting to load the file version.properties from ironchest-1.7.10-6.0.62.742-universal.jar to locate a version number for IronChest
[18:39:34] [Server thread/DEBUG] [IronChest/]: Found version 6.0.62.742 for mod IronChest in version.properties, using
[18:39:34] [Server thread/DEBUG] [FML/]: Examining file magicbees-1.7.10-2.4.4.jar for potential mods
[18:39:34] [Server thread/TRACE] [FML/]: Located mcmod.info file in file magicbees-1.7.10-2.4.4.jar
[18:39:34] [Server thread/DEBUG] [FML/]: Identified a mod of type Lcpw/mods/fml/common/Mod; (magicbees.main.MagicBees) - loading
[18:39:34] [Server thread/TRACE] [MagicBees/]: Parsed dependency info : [Forestry@[4.2.5,)] [Forestry@[4.2.5,), Thaumcraft, ExtraBees, EE3, ArsMagica, TConstruct, Railcraft, ThermalFoundation, ThermalExpansion, RedstoneArsenal, AWWayofTime, Botania, appliedenergistics2] []
[18:39:34] [Server thread/DEBUG] [FML/]: Examining file mantle-1.7.10-0.3.2b.jar for potential mods
[18:39:34] [Server thread/TRACE] [FML/]: Located mcmod.info file in file mantle-1.7.10-0.3.2b.jar
[18:39:34] [Server thread/DEBUG] [FML/]: Identified a mod of type Lcpw/mods/fml/common/Mod; (mantle.Mantle) - loading
[18:39:34] [Server thread/TRACE] [Mantle/]: Parsed dependency info : [Forge@[10.13,)] [Forge@[10.13,)] []
[18:39:34] [Server thread/DEBUG] [FML/]: Examining file MineFactoryReloaded-[1.7.10]2.8.1-174.jar for potential mods
[18:39:34] [Server thread/TRACE] [FML/]: Located mcmod.info file in file MineFactoryReloaded-[1.7.10]2.8.1-174.jar
[18:39:34] [Server thread/DEBUG] [FML/]: Identified a mod of type Lcpw/mods/fml/common/Mod; (powercrystals.minefactoryreloaded.MineFactoryReloadedCore) - loading
[18:39:34] [Server thread/TRACE] [MineFactoryReloaded/]: Parsed dependency info : [CoFHCore@[1.7.10R3.1.0,1.7.10R3.2.0)] [CoFHCore@[1.7.10R3.1.0,1.7.10R3.2.0)] []
[18:39:35] [Server thread/DEBUG] [FML/]: Identified a mod of type Lcofh/mod/ChildMod; (powercrystals.minefactoryreloaded.modhelpers.ae.AppliedEnergistics) - loading
[18:39:35] [Server thread/TRACE] [MineFactoryReloaded|CompatAppliedEnergistics/]: Parsed dependency info : [] [MineFactoryReloaded, appliedenergistics2] []
[18:39:35] [Server thread/DEBUG] [FML/]: Identified a mod of type Lcofh/mod/ChildMod; (powercrystals.minefactoryreloaded.modhelpers.atum.Atum) - loading
[18:39:35] [Server thread/TRACE] [MineFactoryReloaded|CompatAtum/]: Parsed dependency info : [] [MineFactoryReloaded, Atum] []
[18:39:35] [Server thread/DEBUG] [FML/]: Identified a mod of type Lcofh/mod/ChildMod; (powercrystals.minefactoryreloaded.modhelpers.backtools.BackTools) - loading
[18:39:35] [Server thread/TRACE] [MineFactoryReloaded|CompatBackTools/]: Parsed dependency info : [] [MineFactoryReloaded, mod_BackTools] []
[18:39:35] [Server thread/DEBUG] [FML/]: Identified a mod of type Lcofh/mod/ChildMod; (powercrystals.minefactoryreloaded.modhelpers.buildcraft.Buildcraft) - loading
[18:39:35] [Server thread/TRACE] [MineFactoryReloaded|CompatBuildCraft/]: Parsed dependency info : [] [MineFactoryReloaded, BuildCraft|Core] []
[18:39:35] [Server thread/DEBUG] [FML/]: Identified a mod of type Lcofh/mod/ChildMod; (powercrystals.minefactoryreloaded.modhelpers.chococraft.Chococraft) - loading
[18:39:35] [Server thread/TRACE] [MineFactoryReloaded|CompatChococraft/]: Parsed dependency info : [MineFactoryReloaded] [MineFactoryReloaded, chococraft] []
[18:39:35] [Server thread/DEBUG] [FML/]: Identified a mod of type Lcofh/mod/ChildMod; (powercrystals.minefactoryreloaded.modhelpers.extrabiomes.ExtraBiomes) - loading
[18:39:35] [Server thread/TRACE] [MineFactoryReloaded|CompatExtraBiomes/]: Parsed dependency info : [] [MineFactoryReloaded, ExtrabiomesXL] []
[18:39:35] [Server thread/DEBUG] [FML/]: Identified a mod of type Lcofh/mod/ChildMod; (powercrystals.minefactoryreloaded.modhelpers.forestry.Forestry) - loading
[18:39:35] [Server thread/TRACE] [MineFactoryReloaded|CompatForestry/]: Parsed dependency info : [] [MineFactoryReloaded, Forestry] []
[18:39:35] [Server thread/DEBUG] [FML/]: Identified a mod of type Lcofh/mod/ChildMod; (powercrystals.minefactoryreloaded.modhelpers.forgemultiparts.FMP) - loading
[18:39:35] [Server thread/TRACE] [MineFactoryReloaded|CompatForgeMicroblock/]: Parsed dependency info : [] [MineFactoryReloaded] []
[18:39:35] [Server thread/DEBUG] [FML/]: Identified a mod of type Lcofh/mod/ChildMod; (powercrystals.minefactoryreloaded.modhelpers.ic2.IC2) - loading
[18:39:35] [Server thread/TRACE] [MineFactoryReloaded|CompatIC2/]: Parsed dependency info : [] [MineFactoryReloaded, IC2] []
[18:39:35] [Server thread/DEBUG] [FML/]: Identified a mod of type Lcofh/mod/ChildMod; (powercrystals.minefactoryreloaded.modhelpers.projectred.ProjectRedCompat) - loading
[18:39:35] [Server thread/TRACE] [MineFactoryReloaded|CompatProjRed/]: Parsed dependency info : [] [MineFactoryReloaded, ProjRed|Core, ProjRed|Exploration] []
[18:39:35] [Server thread/DEBUG] [FML/]: Identified a mod of type Lcofh/mod/ChildMod; (powercrystals.minefactoryreloaded.modhelpers.railcraft.Railcraft) - loading
[18:39:35] [Server thread/TRACE] [MineFactoryReloaded|CompatRailcraft/]: Parsed dependency info : [] [MineFactoryReloaded, Railcraft] []
[18:39:35] [Server thread/DEBUG] [FML/]: Identified a mod of type Lcofh/mod/ChildMod; (powercrystals.minefactoryreloaded.modhelpers.sufficientbiomes.SufficientBiomes) - loading
[18:39:35] [Server thread/TRACE] [MineFactoryReloaded|CompatSufficientBiomes/]: Parsed dependency info : [] [MineFactoryReloaded, EmasherWorldGen] []
[18:39:35] [Server thread/DEBUG] [FML/]: Identified a mod of type Lcofh/mod/ChildMod; (powercrystals.minefactoryreloaded.modhelpers.thaumcraft.Thaumcraft) - loading
[18:39:35] [Server thread/TRACE] [MineFactoryReloaded|CompatThaumcraft/]: Parsed dependency info : [] [MineFactoryReloaded, Thaumcraft] []
[18:39:35] [Server thread/DEBUG] [FML/]: Identified a mod of type Lcofh/mod/ChildMod; (powercrystals.minefactoryreloaded.modhelpers.thermalexpansion.ThermalExpansion) - loading
[18:39:35] [Server thread/TRACE] [MineFactoryReloaded|CompatThermalExpansion/]: Parsed dependency info : [] [MineFactoryReloaded, ThermalExpansion] []
[18:39:35] [Server thread/DEBUG] [FML/]: Identified a mod of type Lcofh/mod/ChildMod; (powercrystals.minefactoryreloaded.modhelpers.tinkersconstruct.TConstruct) - loading
[18:39:35] [Server thread/TRACE] [MineFactoryReloaded|CompatTConstruct/]: Parsed dependency info : [] [MineFactoryReloaded, TConstruct] []
[18:39:35] [Server thread/DEBUG] [FML/]: Identified a mod of type Lcofh/mod/ChildMod; (powercrystals.minefactoryreloaded.modhelpers.twilightforest.TwilightForest) - loading
[18:39:35] [Server thread/TRACE] [MineFactoryReloaded|CompatTwilightForest/]: Parsed dependency info : [] [MineFactoryReloaded, TwilightForest] []
[18:39:35] [Server thread/DEBUG] [FML/]: Identified a mod of type Lcpw/mods/fml/common/Mod; (powercrystals.minefactoryreloaded.modhelpers.vanilla.Vanilla) - loading
[18:39:35] [Server thread/TRACE] [MineFactoryReloaded|CompatVanilla/]: Parsed dependency info : [] [MineFactoryReloaded] []
[18:39:35] [Server thread/DEBUG] [FML/]: Examining file Morpheus-1.7.10-1.6.21.jar for potential mods
[18:39:35] [Server thread/TRACE] [FML/]: Located mcmod.info file in file Morpheus-1.7.10-1.6.21.jar
[18:39:35] [Server thread/DEBUG] [FML/]: Identified a mod of type Lcpw/mods/fml/common/Mod; (net.quetzi.morpheus.Morpheus) - loading
[18:39:35] [Server thread/TRACE] [Morpheus/]: Parsed dependency info : [] [] []
[18:39:35] [Server thread/DEBUG] [FML/]: Examining file Nevermine-Tslat-1.1.2.jar for potential mods
[18:39:35] [Server thread/TRACE] [FML/]: Located mcmod.info file in file Nevermine-Tslat-1.1.2.jar
[18:39:35] [Server thread/DEBUG] [FML/]: Identified a mod of type Lcpw/mods/fml/common/Mod; (net.nevermine.common.nevermine) - loading
[18:39:35] [Server thread/TRACE] [nevermine/]: Parsed dependency info : [] [] []
[18:39:36] [Server thread/DEBUG] [FML/]: Examining file OpenComputers-MC1.7.10-1.7.5.1290-universal.jar for potential mods
[18:39:36] [Server thread/TRACE] [FML/]: Located mcmod.info file in file OpenComputers-MC1.7.10-1.7.5.1290-universal.jar
[18:39:36] [Server thread/DEBUG] [FML/]: Identified a mod of type Lcpw/mods/fml/common/Mod; (li.cil.oc.OpenComputers) - loading
[18:39:36] [Server thread/TRACE] [OpenComputers/]: Using mcmod dependency info : [Forge@[10.13.0.1180,)] [BuildCraft|Core, ComputerCraft, EnderStorage, ForgeMultipart, IC2, MineFactoryReloaded, ProjRed|Transmission, RedLogic, StargateTech2, Thaumcraft, ThermalExpansion] []
[18:39:37] [Server thread/DEBUG] [FML/]: Examining file OpenModularTurrets-1.7.10-2.2.11-245.jar for potential mods
[18:39:37] [Server thread/TRACE] [FML/]: Located mcmod.info file in file OpenModularTurrets-1.7.10-2.2.11-245.jar
[18:39:38] [Server thread/DEBUG] [FML/]: Identified a mod of type Lcpw/mods/fml/common/Mod; (openmodularturrets.ModularTurrets) - loading
[18:39:38] [Server thread/TRACE] [openmodularturrets/]: Parsed dependency info : [] [ThermalFoundation, ThermalExpansion, OpenComputers, ComputerCraft, Mekanism, EnderIO, Thaumcraft] []
[18:39:38] [Server thread/DEBUG] [FML/]: Examining file ProjectRed-1.7.10-4.7.0pre12.95-Base.jar for potential mods
[18:39:38] [Server thread/TRACE] [FML/]: Located mcmod.info file in file ProjectRed-1.7.10-4.7.0pre12.95-Base.jar
[18:39:38] [Server thread/DEBUG] [FML/]: Identified a mod of type Lcpw/mods/fml/common/Mod; (mrtjp.projectred.ProjectRedCore) - loading
[18:39:38] [Server thread/TRACE] [ProjRed|Core/]: Using mcmod dependency info : [Forge, ForgeMultipart, MrTJPCoreMod] [ForgeMultipart, MrTJPCoreMod] [ProjRed|Transmission, ProjRed|Integration, ProjRed|Fabrication, ProjRed|Illumination, ProjRed|Expansion, ProjRed|Transportation, ProjRed|Exploration, ProjRed|Compatibility]
[18:39:38] [Server thread/DEBUG] [ProjRed|Core/]: Attempting to load the file version.properties from ProjectRed-1.7.10-4.7.0pre12.95-Base.jar to locate a version number for ProjRed|Core
[18:39:38] [Server thread/WARN] [ProjRed|Core/]: Mod ProjRed|Core is missing the required element 'version' and a version.properties file could not be found. Falling back to metadata version 4.7.0pre12.95
[18:39:38] [Server thread/DEBUG] [FML/]: Examining file ProjectRed-1.7.10-4.7.0pre12.95-Compat.jar for potential mods
[18:39:38] [Server thread/TRACE] [FML/]: Located mcmod.info file in file ProjectRed-1.7.10-4.7.0pre12.95-Compat.jar
[18:39:38] [Server thread/DEBUG] [FML/]: Identified a mod of type Lcpw/mods/fml/common/Mod; (mrtjp.projectred.ProjectRedCompatibility) - loading
[18:39:38] [Server thread/TRACE] [ProjRed|Compatibility/]: Using mcmod dependency info : [ProjRed|Core] [ProjRed|Core, ProjRed|Transmission, ProjRed|Exploration, ProjRed|Transportation, TConstruct, ThermalExpansion, ComputerCraft] []
[18:39:38] [Server thread/DEBUG] [ProjRed|Compatibility/]: Attempting to load the file version.properties from ProjectRed-1.7.10-4.7.0pre12.95-Compat.jar to locate a version number for ProjRed|Compatibility
[18:39:38] [Server thread/WARN] [ProjRed|Compatibility/]: Mod ProjRed|Compatibility is missing the required element 'version' and a version.properties file could not be found. Falling back to metadata version 4.7.0pre12.95
[18:39:38] [Server thread/DEBUG] [FML/]: Examining file ProjectRed-1.7.10-4.7.0pre12.95-Fabrication.jar for potential mods
[18:39:38] [Server thread/TRACE] [FML/]: Located mcmod.info file in file ProjectRed-1.7.10-4.7.0pre12.95-Fabrication.jar
[18:39:38] [Server thread/DEBUG] [FML/]: Identified a mod of type Lcpw/mods/fml/common/Mod; (mrtjp.projectred.ProjectRedFabrication) - loading
[18:39:38] [Server thread/TRACE] [ProjRed|Fabrication/]: Using mcmod dependency info : [ProjRed|Core, ProjRed|Integration, ProjRed|Transmission] [ProjRed|Core, ProjRed|Integration, ProjRed|Transmission] []
[18:39:38] [Server thread/DEBUG] [ProjRed|Fabrication/]: Attempting to load the file version.properties from ProjectRed-1.7.10-4.7.0pre12.95-Fabrication.jar to locate a version number for ProjRed|Fabrication
[18:39:38] [Server thread/WARN] [ProjRed|Fabrication/]: Mod ProjRed|Fabrication is missing the required element 'version' and a version.properties file could not be found. Falling back to metadata version 4.7.0pre12.95
[18:39:38] [Server thread/DEBUG] [FML/]: Examining file ProjectRed-1.7.10-4.7.0pre12.95-Integration.jar for potential mods
[18:39:38] [Server thread/TRACE] [FML/]: Located mcmod.info file in file ProjectRed-1.7.10-4.7.0pre12.95-Integration.jar
[18:39:38] [Server thread/DEBUG] [FML/]: Identified a mod of type Lcpw/mods/fml/common/Mod; (mrtjp.projectred.ProjectRedIntegration) - loading
[18:39:38] [Server thread/TRACE] [ProjRed|Integration/]: Using mcmod dependency info : [ProjRed|Core] [ProjRed|Core] [ProjRed|Fabrication]
[18:39:38] [Server thread/DEBUG] [ProjRed|Integration/]: Attempting to load the file version.properties from ProjectRed-1.7.10-4.7.0pre12.95-Integration.jar to locate a version number for ProjRed|Integration
[18:39:38] [Server thread/WARN] [ProjRed|Integration/]: Mod ProjRed|Integration is missing the required element 'version' and a version.properties file could not be found. Falling back to metadata version 4.7.0pre12.95
[18:39:38] [Server thread/DEBUG] [FML/]: Identified a mod of type Lcpw/mods/fml/common/Mod; (mrtjp.projectred.ProjectRedTransmission) - loading
[18:39:38] [Server thread/TRACE] [ProjRed|Transmission/]: Using mcmod dependency info : [ProjRed|Core] [ProjRed|Core] [ProjRed|Expansion, ProjRed|Fabrication]
[18:39:38] [Server thread/DEBUG] [ProjRed|Transmission/]: Attempting to load the file version.properties from ProjectRed-1.7.10-4.7.0pre12.95-Integration.jar to locate a version number for ProjRed|Transmission
[18:39:38] [Server thread/WARN] [ProjRed|Transmission/]: Mod ProjRed|Transmission is missing the required element 'version' and a version.properties file could not be found. Falling back to metadata version 4.7.0pre12.95
[18:39:38] [Server thread/DEBUG] [FML/]: Examining file ProjectRed-1.7.10-4.7.0pre12.95-Lighting.jar for potential mods
[18:39:38] [Server thread/TRACE] [FML/]: Located mcmod.info file in file ProjectRed-1.7.10-4.7.0pre12.95-Lighting.jar
[18:39:38] [Server thread/DEBUG] [FML/]: Identified a mod of type Lcpw/mods/fml/common/Mod; (mrtjp.projectred.ProjectRedIllumination) - loading
[18:39:38] [Server thread/TRACE] [ProjRed|Illumination/]: Using mcmod dependency info : [ProjRed|Core] [ProjRed|Core] []
[18:39:38] [Server thread/DEBUG] [ProjRed|Illumination/]: Attempting to load the file version.properties from ProjectRed-1.7.10-4.7.0pre12.95-Lighting.jar to locate a version number for ProjRed|Illumination
[18:39:38] [Server thread/WARN] [ProjRed|Illumination/]: Mod ProjRed|Illumination is missing the required element 'version' and a version.properties file could not be found. Falling back to metadata version 4.7.0pre12.95
[18:39:38] [Server thread/DEBUG] [FML/]: Examining file ProjectRed-1.7.10-4.7.0pre12.95-World.jar for potential mods
[18:39:38] [Server thread/TRACE] [FML/]: Located mcmod.info file in file ProjectRed-1.7.10-4.7.0pre12.95-World.jar
[18:39:38] [Server thread/DEBUG] [FML/]: Identified a mod of type Lcpw/mods/fml/common/Mod; (mrtjp.projectred.ProjectRedExploration) - loading
[18:39:38] [Server thread/TRACE] [ProjRed|Exploration/]: Using mcmod dependency info : [ProjRed|Core] [ProjRed|Core] []
[18:39:38] [Server thread/DEBUG] [ProjRed|Exploration/]: Attempting to load the file version.properties from ProjectRed-1.7.10-4.7.0pre12.95-World.jar to locate a version number for ProjRed|Exploration
[18:39:38] [Server thread/WARN] [ProjRed|Exploration/]: Mod ProjRed|Exploration is missing the required element 'version' and a version.properties file could not be found. Falling back to metadata version 4.7.0pre12.95
[18:39:38] [Server thread/DEBUG] [FML/]: Examining file Railcraft_1.7.10-9.12.2.0.jar for potential mods
[18:39:38] [Server thread/TRACE] [FML/]: Located mcmod.info file in file Railcraft_1.7.10-9.12.2.0.jar
[18:39:39] [Server thread/DEBUG] [FML/]: Identified a mod of type Lcpw/mods/fml/common/Mod; (mods.railcraft.common.core.Railcraft) - loading
[18:39:39] [Server thread/TRACE] [Railcraft/]: Using mcmod dependency info : [Forge] [] []
[18:39:39] [Server thread/DEBUG] [FML/]: Examining file SolarFlux-1.7.10-0.8b.jar for potential mods
[18:39:39] [Server thread/TRACE] [FML/]: Located mcmod.info file in file SolarFlux-1.7.10-0.8b.jar
[18:39:39] [Server thread/DEBUG] [FML/]: Identified a mod of type Lcpw/mods/fml/common/Mod; (com.nauktis.solarflux.SolarFluxMod) - loading
[18:39:39] [Server thread/TRACE] [SolarFlux/]: Parsed dependency info : [] [ThermalExpansion, ThermalFoundation] []
[18:39:39] [Server thread/DEBUG] [FML/]: Examining file StevesWorkshop-0.5.1.jar for potential mods
[18:39:39] [Server thread/TRACE] [FML/]: Located mcmod.info file in file StevesWorkshop-0.5.1.jar
[18:39:39] [Server thread/DEBUG] [FML/]: Identified a mod of type Lcpw/mods/fml/common/Mod; (vswe.production.StevesProduction) - loading
[18:39:39] [Server thread/TRACE] [StevesWorkshop/]: Parsed dependency info : [] [] []
[18:39:39] [Server thread/DEBUG] [FML/]: Examining file tainted-magic-r7.82.jar for potential mods
[18:39:39] [Server thread/TRACE] [FML/]: Located mcmod.info file in file tainted-magic-r7.82.jar
[18:39:39] [Server thread/DEBUG] [FML/]: Identified a mod of type Lcpw/mods/fml/common/Mod; (taintedmagic.common.TaintedMagic) - loading
[18:39:39] [Server thread/TRACE] [TaintedMagic/]: Parsed dependency info : [Forge@[10.13.2.1291,), Thaumcraft@[4.2.3.5,)] [Forge@[10.13.2.1291,), Thaumcraft@[4.2.3.5,), ThaumicTinkerer] []
[18:39:39] [Server thread/DEBUG] [FML/]: Examining file TConstruct-1.7.10-1.8.8.jar for potential mods
[18:39:39] [Server thread/TRACE] [FML/]: Located mcmod.info file in file TConstruct-1.7.10-1.8.8.jar
